<?xml version="1.0" encoding="UTF-8"?>
<!-- Generated by org.testng.reporters.JUnitXMLReporter -->
<testsuite ignored="1" hostname="LP009302" failures="1" tests="1" name="Test" time="0.07" errors="0" timestamp="2023-02-27T17:19:10 IST">
  <testcase classname="testcases.LoginPageTest" name="verifyTitle" time="0.014">
    <failure type="java.lang.NullPointerException" message="Cannot invoke &amp;quot;org.openqa.selenium.WebDriver.getTitle()&amp;quot; because &amp;quot;testcases.LoginPageTest.driver&amp;quot; is null">
      <![CDATA[java.lang.NullPointerException: Cannot invoke "org.openqa.selenium.WebDriver.getTitle()" because "testcases.LoginPageTest.driver" is null
at testcases.LoginPageTest.verifyTitle(LoginPageTest.java:55)
at java.base/java.util.concurrent.ThreadPoolExecutor.runWorker(ThreadPoolExecutor.java:1136)
at java.base/java.util.concurrent.ThreadPoolExecutor$Worker.run(ThreadPoolExecutor.java:635)
at java.base/java.lang.Thread.run(Thread.java:833)
... Removed 10 stack frames]]>
    </failure>
  </testcase> <!-- verifyTitle -->
  <testcase classname="testcases.LoginPageTest" name="verifyLoginPage" time="0.0">
    <ignored/>
  </testcase> <!-- verifyLoginPage -->
</testsuite> <!-- Test -->
