<?xml version="1.0" encoding="UTF-8"?>
<!-- Generated by org.testng.reporters.JUnitXMLReporter -->
<testsuite ignored="1" hostname="LP009302" failures="2" tests="2" name="Test" time="1.309" errors="0" timestamp="2023-02-27T16:34:22 IST">
  <testcase classname="testcases.LoginPageTest" name="verifyTitle" time="0.015">
    <failure type="java.lang.NullPointerException" message="Cannot invoke &amp;quot;org.openqa.selenium.WebDriver.getTitle()&amp;quot; because &amp;quot;testcases.LoginPageTest.driver&amp;quot; is null">
      <![CDATA[java.lang.NullPointerException: Cannot invoke "org.openqa.selenium.WebDriver.getTitle()" because "testcases.LoginPageTest.driver" is null
at testcases.LoginPageTest.verifyTitle(LoginPageTest.java:54)
at java.base/java.util.ArrayList.forEach(ArrayList.java:1511)
... Removed 25 stack frames]]>
    </failure>
  </testcase> <!-- verifyTitle -->
  <testcase classname="testcases.AdminMenuTest" name="verifyAddUser" time="0.06">
    <failure type="java.lang.NullPointerException" message="Cannot invoke &amp;quot;java.util.Properties.getProperty(String)&amp;quot; because &amp;quot;testcases.AdminMenuTest.prop&amp;quot; is null">
      <![CDATA[java.lang.NullPointerException: Cannot invoke "java.util.Properties.getProperty(String)" because "testcases.AdminMenuTest.prop" is null
at testcases.AdminMenuTest.verifyAddUser(AdminMenuTest.java:54)
at java.base/java.util.ArrayList.forEach(ArrayList.java:1511)
... Removed 25 stack frames]]>
    </failure>
  </testcase> <!-- verifyAddUser -->
  <testcase classname="testcases.LoginPageTest" name="verifyLoginPage" time="0.0">
    <ignored/>
  </testcase> <!-- verifyLoginPage -->
</testsuite> <!-- Test -->
