<?xml version="1.0" encoding="UTF-8"?>
<testng-results ignored="0" total="1" passed="1" failed="0" skipped="0">
  <reporter-output>
  </reporter-output>
  <suite started-at="2023-05-06T22:50:12 IST" name="Default suite" finished-at="2023-05-06T22:50:33 IST" duration-ms="21016">
    <groups>
    </groups>
    <test started-at="2023-05-06T22:50:12 IST" name="Default test" finished-at="2023-05-06T22:50:33 IST" duration-ms="21016">
      <class name="testcases.CustomerMenuTest">
        <test-method is-config="true" signature="loadConfig()[pri:0, instance:testcases.CustomerMenuTest@771a660]" started-at="2023-05-06T22:50:12 IST" name="loadConfig" finished-at="2023-05-06T22:50:12 IST" duration-ms="415" status="PASS">
          <reporter-output>
          </reporter-output>
        </test-method> <!-- loadConfig -->
        <test-method is-config="true" signature="setup()[pri:0, instance:testcases.CustomerMenuTest@771a660]" started-at="2023-05-06T22:50:13 IST" name="setup" finished-at="2023-05-06T22:50:22 IST" duration-ms="8737" status="PASS">
          <reporter-output>
          </reporter-output>
        </test-method> <!-- setup -->
        <test-method signature="verifyAddCustomer(java.util.Map)[pri:0, instance:testcases.CustomerMenuTest@771a660]" started-at="2023-05-06T22:50:22 IST" name="verifyAddCustomer" data-provider="customerinfo" finished-at="2023-05-06T22:50:33 IST" duration-ms="10485" status="PASS">
          <params>
            <param index="0">
              <value>
                <![CDATA[{Transport Hub =NOIDA, Name on Card=King Luther, Email=luther@gmail.com, SubCustomerType=General, KeyOfficialName=Sir John, City=Noida, CustomerType=Fleet, Mobile=9.977886655E9, State=UTTAR PRADESH, Address 1=H-No.56, KeyOfficialMobile=7.908764543E9, PIN Code=201301, Form Number=007, DivisionOffice=AOD-GUWAHATI, Stateoffice=ANSO, Customer Name=King Luther, District=NOIDA, PAN No=MDLGH2975A, Constitution=Individual}]]>
              </value>
            </param>
          </params>
          <reporter-output>
          </reporter-output>
        </test-method> <!-- verifyAddCustomer -->
        <test-method is-config="true" signature="tearDown()[pri:0, instance:testcases.CustomerMenuTest@771a660]" started-at="2023-05-06T22:50:33 IST" name="tearDown" finished-at="2023-05-06T22:50:33 IST" duration-ms="756" status="PASS">
          <reporter-output>
          </reporter-output>
        </test-method> <!-- tearDown -->
        <test-method is-config="true" signature="afterSuite()[pri:0, instance:testcases.CustomerMenuTest@771a660]" started-at="2023-05-06T22:50:33 IST" name="afterSuite" finished-at="2023-05-06T22:50:33 IST" duration-ms="5" status="PASS">
          <reporter-output>
          </reporter-output>
        </test-method> <!-- afterSuite -->
      </class> <!-- testcases.CustomerMenuTest -->
    </test> <!-- Default test -->
  </suite> <!-- Default suite -->
</testng-results>
